<?xml version="1.0" encoding="UTF-8"?>
<!-- Generated by org.testng.reporters.JUnitXMLReporter -->
<testsuite hostname="USPHXAWNC0038Y6" name="Test" tests="22" failures="0" timestamp="26 Jan 2017 21:58:24 GMT" time="131.05" errors="0">
  <testcase name="setUp" time="10.644" classname="edu.apollogrp.tests.UCPSmokeTests.QualTransfer_AgentScript_QAEnv"/>
  <testcase name="setUpER" time="8.853" classname="edu.apollogrp.tests.UCPSmokeTests.QualTransfer_AgentScript_QAEnv"/>
  <testcase name="clickUserNameER" time="0.306" classname="edu.apollogrp.tests.UCPSmokeTests.QualTransfer_AgentScript_QAEnv"/>
  <testcase name="clickPasswordER" time="0.211" classname="edu.apollogrp.tests.UCPSmokeTests.QualTransfer_AgentScript_QAEnv"/>
  <testcase name="clickSubmitER" time="12.763" classname="edu.apollogrp.tests.UCPSmokeTests.QualTransfer_AgentScript_QAEnv"/>
  <testcase name="clickUserName" time="0.315" classname="edu.apollogrp.tests.UCPSmokeTests.QualTransfer_AgentScript_QAEnv"/>
  <testcase name="clickPassword" time="0.242" classname="edu.apollogrp.tests.UCPSmokeTests.QualTransfer_AgentScript_QAEnv"/>
  <testcase name="clickSubmit" time="0.229" classname="edu.apollogrp.tests.UCPSmokeTests.QualTransfer_AgentScript_QAEnv"/>
  <testcase name="getCall" time="14.65" classname="edu.apollogrp.tests.UCPSmokeTests.QualTransfer_AgentScript_QAEnv"/>
  <testcase name="clickCaseInfo" time="0.407" classname="edu.apollogrp.tests.UCPSmokeTests.QualTransfer_AgentScript_QAEnv"/>
  <testcase name="clickAgentScritping" time="0.792" classname="edu.apollogrp.tests.UCPSmokeTests.QualTransfer_AgentScript_QAEnv"/>
  <testcase name="clickNameSearch" time="8.7" classname="edu.apollogrp.tests.UCPSmokeTests.QualTransfer_AgentScript_QAEnv"/>
  <testcase name="clickFirstRecord" time="16.372" classname="edu.apollogrp.tests.UCPSmokeTests.QualTransfer_AgentScript_QAEnv"/>
  <testcase name="clickQualify" time="0.27" classname="edu.apollogrp.tests.UCPSmokeTests.QualTransfer_AgentScript_QAEnv"/>
  <testcase name="clickStartTransferButton" time="8.475" classname="edu.apollogrp.tests.UCPSmokeTests.QualTransfer_AgentScript_QAEnv"/>
  <testcase name="clickTransferDropdown" time="31.106" classname="edu.apollogrp.tests.UCPSmokeTests.QualTransfer_AgentScript_QAEnv"/>
  <testcase name="clickConsultButton" time="0.528" classname="edu.apollogrp.tests.UCPSmokeTests.QualTransfer_AgentScript_QAEnv"/>
  <testcase name="clickSearchMyFavButton" time="1.164" classname="edu.apollogrp.tests.UCPSmokeTests.QualTransfer_AgentScript_QAEnv"/>
  <testcase name="clickEnrollmentqualtransfer" time="0.584" classname="edu.apollogrp.tests.UCPSmokeTests.QualTransfer_AgentScript_QAEnv"/>
  <testcase name="clickInstantCallTransfer" time="5.711" classname="edu.apollogrp.tests.UCPSmokeTests.QualTransfer_AgentScript_QAEnv"/>
  <testcase name="clickInstantCallConference" time="1.613" classname="edu.apollogrp.tests.UCPSmokeTests.QualTransfer_AgentScript_QAEnv"/>
  <testcase name="getCallER" time="7.065" classname="edu.apollogrp.tests.UCPSmokeTests.QualTransfer_AgentScript_QAEnv"/>
</testsuite> <!-- Test -->
