<?xml version="1.0" encoding="UTF-8"?>
<testng-results skipped="0" failed="0" total="25" passed="25">
  <reporter-output>
  </reporter-output>
  <suite name="Default suite" duration-ms="132179" started-at="2017-02-10T18:21:51Z" finished-at="2017-02-10T18:24:03Z">
    <groups>
    </groups>
    <test name="Default test" duration-ms="132179" started-at="2017-02-10T18:21:51Z" finished-at="2017-02-10T18:24:03Z">
      <class name="edu.apollogrp.tests.InternalTransfer.InternalTransfer">
        <test-method status="PASS" signature="setUp()[pri:0, instance:edu.apollogrp.tests.InternalTransfer.InternalTransfer@464bee09]" name="setUp" duration-ms="9689" started-at="2017-02-10T11:21:51Z" finished-at="2017-02-10T11:22:01Z">
          <reporter-output>
          </reporter-output>
        </test-method> <!-- setUp -->
        <test-method status="PASS" signature="setUpER()[pri:0, instance:edu.apollogrp.tests.InternalTransfer.InternalTransfer@464bee09]" name="setUpER" duration-ms="6625" started-at="2017-02-10T11:22:01Z" finished-at="2017-02-10T11:22:08Z">
          <reporter-output>
          </reporter-output>
        </test-method> <!-- setUpER -->
        <test-method status="PASS" signature="clickUserNameER()[pri:0, instance:edu.apollogrp.tests.InternalTransfer.InternalTransfer@464bee09]" name="clickUserNameER" duration-ms="401" started-at="2017-02-10T11:22:08Z" finished-at="2017-02-10T11:22:08Z">
          <reporter-output>
          </reporter-output>
        </test-method> <!-- clickUserNameER -->
        <test-method status="PASS" signature="clickPasswordER()[pri:0, instance:edu.apollogrp.tests.InternalTransfer.InternalTransfer@464bee09]" name="clickPasswordER" duration-ms="207" started-at="2017-02-10T11:22:08Z" finished-at="2017-02-10T11:22:08Z">
          <reporter-output>
          </reporter-output>
        </test-method> <!-- clickPasswordER -->
        <test-method status="PASS" signature="clickSubmitER()[pri:0, instance:edu.apollogrp.tests.InternalTransfer.InternalTransfer@464bee09]" name="clickSubmitER" duration-ms="9257" started-at="2017-02-10T11:22:08Z" finished-at="2017-02-10T11:22:17Z">
          <reporter-output>
          </reporter-output>
        </test-method> <!-- clickSubmitER -->
        <test-method status="PASS" signature="clickUserName()[pri:0, instance:edu.apollogrp.tests.InternalTransfer.InternalTransfer@464bee09]" name="clickUserName" duration-ms="285" started-at="2017-02-10T11:22:17Z" finished-at="2017-02-10T11:22:18Z">
          <reporter-output>
          </reporter-output>
        </test-method> <!-- clickUserName -->
        <test-method status="PASS" signature="clickPassword()[pri:0, instance:edu.apollogrp.tests.InternalTransfer.InternalTransfer@464bee09]" name="clickPassword" duration-ms="227" started-at="2017-02-10T11:22:18Z" finished-at="2017-02-10T11:22:18Z">
          <reporter-output>
          </reporter-output>
        </test-method> <!-- clickPassword -->
        <test-method status="PASS" signature="clickSubmit()[pri:0, instance:edu.apollogrp.tests.InternalTransfer.InternalTransfer@464bee09]" name="clickSubmit" duration-ms="221" started-at="2017-02-10T11:22:18Z" finished-at="2017-02-10T11:22:18Z">
          <reporter-output>
          </reporter-output>
        </test-method> <!-- clickSubmit -->
        <test-method status="PASS" signature="getCall()[pri:0, instance:edu.apollogrp.tests.InternalTransfer.InternalTransfer@464bee09]" name="getCall" duration-ms="34658" started-at="2017-02-10T11:22:18Z" finished-at="2017-02-10T11:22:53Z">
          <reporter-output>
          </reporter-output>
        </test-method> <!-- getCall -->
        <test-method status="PASS" signature="clickCaseInfo()[pri:0, instance:edu.apollogrp.tests.InternalTransfer.InternalTransfer@464bee09]" name="clickCaseInfo" duration-ms="703" started-at="2017-02-10T11:22:53Z" finished-at="2017-02-10T11:22:53Z">
          <reporter-output>
          </reporter-output>
        </test-method> <!-- clickCaseInfo -->
        <test-method status="PASS" signature="clickAgentScritping()[pri:0, instance:edu.apollogrp.tests.InternalTransfer.InternalTransfer@464bee09]" name="clickAgentScritping" duration-ms="621" started-at="2017-02-10T11:22:53Z" finished-at="2017-02-10T11:22:54Z">
          <reporter-output>
          </reporter-output>
        </test-method> <!-- clickAgentScritping -->
        <test-method status="PASS" signature="clickNameSearch()[pri:0, instance:edu.apollogrp.tests.InternalTransfer.InternalTransfer@464bee09]" name="clickNameSearch" duration-ms="8802" started-at="2017-02-10T11:22:54Z" finished-at="2017-02-10T11:23:03Z">
          <reporter-output>
          </reporter-output>
        </test-method> <!-- clickNameSearch -->
        <test-method status="PASS" signature="clickFirstRecord()[pri:0, instance:edu.apollogrp.tests.InternalTransfer.InternalTransfer@464bee09]" name="clickFirstRecord" duration-ms="16321" started-at="2017-02-10T11:23:03Z" finished-at="2017-02-10T11:23:19Z">
          <reporter-output>
          </reporter-output>
        </test-method> <!-- clickFirstRecord -->
        <test-method status="PASS" signature="clickQualify()[pri:0, instance:edu.apollogrp.tests.InternalTransfer.InternalTransfer@464bee09]" name="clickQualify" duration-ms="352" started-at="2017-02-10T11:23:19Z" finished-at="2017-02-10T11:23:20Z">
          <reporter-output>
          </reporter-output>
        </test-method> <!-- clickQualify -->
        <test-method status="PASS" signature="clickStartTransferButton()[pri:0, instance:edu.apollogrp.tests.InternalTransfer.InternalTransfer@464bee09]" name="clickStartTransferButton" duration-ms="9048" started-at="2017-02-10T11:23:20Z" finished-at="2017-02-10T11:23:29Z">
          <reporter-output>
          </reporter-output>
        </test-method> <!-- clickStartTransferButton -->
        <test-method status="PASS" signature="clickTransferDropdown()[pri:0, instance:edu.apollogrp.tests.InternalTransfer.InternalTransfer@464bee09]" name="clickTransferDropdown" duration-ms="14045" started-at="2017-02-10T11:23:29Z" finished-at="2017-02-10T11:23:43Z">
          <reporter-output>
          </reporter-output>
        </test-method> <!-- clickTransferDropdown -->
        <test-method status="PASS" signature="clickConsultButton()[pri:0, instance:edu.apollogrp.tests.InternalTransfer.InternalTransfer@464bee09]" name="clickConsultButton" duration-ms="548" started-at="2017-02-10T11:23:43Z" finished-at="2017-02-10T11:23:43Z">
          <reporter-output>
          </reporter-output>
        </test-method> <!-- clickConsultButton -->
        <test-method status="PASS" signature="clickSearchMyFavButton()[pri:0, instance:edu.apollogrp.tests.InternalTransfer.InternalTransfer@464bee09]" name="clickSearchMyFavButton" duration-ms="685" started-at="2017-02-10T11:23:43Z" finished-at="2017-02-10T11:23:44Z">
          <reporter-output>
          </reporter-output>
        </test-method> <!-- clickSearchMyFavButton -->
        <test-method status="PASS" signature="clickEnrollmentqualtransfer()[pri:0, instance:edu.apollogrp.tests.InternalTransfer.InternalTransfer@464bee09]" name="clickEnrollmentqualtransfer" duration-ms="563" started-at="2017-02-10T11:23:44Z" finished-at="2017-02-10T11:23:44Z">
          <reporter-output>
          </reporter-output>
        </test-method> <!-- clickEnrollmentqualtransfer -->
        <test-method status="PASS" signature="clickInstantCallTransfer()[pri:0, instance:edu.apollogrp.tests.InternalTransfer.InternalTransfer@464bee09]" name="clickInstantCallTransfer" duration-ms="4423" started-at="2017-02-10T11:23:44Z" finished-at="2017-02-10T11:23:49Z">
          <reporter-output>
          </reporter-output>
        </test-method> <!-- clickInstantCallTransfer -->
        <test-method status="PASS" signature="clickInstantCallConference()[pri:0, instance:edu.apollogrp.tests.InternalTransfer.InternalTransfer@464bee09]" name="clickInstantCallConference" duration-ms="4022" started-at="2017-02-10T11:23:49Z" finished-at="2017-02-10T11:23:53Z">
          <reporter-output>
          </reporter-output>
        </test-method> <!-- clickInstantCallConference -->
        <test-method status="PASS" signature="endACCCall()[pri:0, instance:edu.apollogrp.tests.InternalTransfer.InternalTransfer@464bee09]" name="endACCCall" duration-ms="4844" started-at="2017-02-10T11:23:53Z" finished-at="2017-02-10T11:23:58Z">
          <reporter-output>
          </reporter-output>
        </test-method> <!-- endACCCall -->
        <test-method status="PASS" signature="markACCCallDone()[pri:0, instance:edu.apollogrp.tests.InternalTransfer.InternalTransfer@464bee09]" name="markACCCallDone" duration-ms="1639" started-at="2017-02-10T11:23:58Z" finished-at="2017-02-10T11:23:59Z">
          <reporter-output>
          </reporter-output>
        </test-method> <!-- markACCCallDone -->
        <test-method status="PASS" signature="endERCall()[pri:0, instance:edu.apollogrp.tests.InternalTransfer.InternalTransfer@464bee09]" name="endERCall" duration-ms="2999" started-at="2017-02-10T11:23:59Z" finished-at="2017-02-10T11:24:02Z">
          <reporter-output>
          </reporter-output>
        </test-method> <!-- endERCall -->
        <test-method status="PASS" signature="markERCallDone()[pri:0, instance:edu.apollogrp.tests.InternalTransfer.InternalTransfer@464bee09]" name="markERCallDone" duration-ms="954" started-at="2017-02-10T11:24:02Z" finished-at="2017-02-10T11:24:03Z">
          <reporter-output>
          </reporter-output>
        </test-method> <!-- markERCallDone -->
      </class> <!-- edu.apollogrp.tests.InternalTransfer.InternalTransfer -->
    </test> <!-- Default test -->
  </suite> <!-- Default suite -->
</testng-results>
