<?xml version="1.0" encoding="UTF-8"?>
<testng-results skipped="0" failed="0" total="12" passed="12">
  <reporter-output>
  </reporter-output>
  <suite name="Default suite" duration-ms="94090" started-at="2017-02-27T22:42:50Z" finished-at="2017-02-27T22:44:24Z">
    <groups>
    </groups>
    <test name="Default test" duration-ms="94090" started-at="2017-02-27T22:42:50Z" finished-at="2017-02-27T22:44:24Z">
      <class name="com.apollo.agentscripting.er_inboundcall.ERInbound_AgentScript_QAEnv">
        <test-method status="PASS" signature="setUp()[pri:0, instance:com.apollo.agentscripting.er_inboundcall.ERInbound_AgentScript_QAEnv@6a4f787b]" name="setUp" duration-ms="13158" started-at="2017-02-27T15:42:50Z" finished-at="2017-02-27T15:43:03Z">
          <reporter-output>
          </reporter-output>
        </test-method> <!-- setUp -->
        <test-method status="PASS" signature="clickUserName()[pri:0, instance:com.apollo.agentscripting.er_inboundcall.ERInbound_AgentScript_QAEnv@6a4f787b]" name="clickUserName" duration-ms="607" started-at="2017-02-27T15:43:03Z" finished-at="2017-02-27T15:43:03Z">
          <reporter-output>
          </reporter-output>
        </test-method> <!-- clickUserName -->
        <test-method status="PASS" signature="clickPassword()[pri:0, instance:com.apollo.agentscripting.er_inboundcall.ERInbound_AgentScript_QAEnv@6a4f787b]" name="clickPassword" duration-ms="333" started-at="2017-02-27T15:43:03Z" finished-at="2017-02-27T15:43:04Z">
          <reporter-output>
          </reporter-output>
        </test-method> <!-- clickPassword -->
        <test-method status="PASS" signature="clickSubmit()[pri:0, instance:com.apollo.agentscripting.er_inboundcall.ERInbound_AgentScript_QAEnv@6a4f787b]" name="clickSubmit" duration-ms="254" started-at="2017-02-27T15:43:04Z" finished-at="2017-02-27T15:43:04Z">
          <reporter-output>
          </reporter-output>
        </test-method> <!-- clickSubmit -->
        <test-method status="PASS" signature="getAgentReady()[pri:0, instance:com.apollo.agentscripting.er_inboundcall.ERInbound_AgentScript_QAEnv@6a4f787b]" name="getAgentReady" duration-ms="11777" started-at="2017-02-27T15:43:04Z" finished-at="2017-02-27T15:43:16Z">
          <reporter-output>
          </reporter-output>
        </test-method> <!-- getAgentReady -->
        <test-method status="PASS" signature="getCall()[pri:0, instance:com.apollo.agentscripting.er_inboundcall.ERInbound_AgentScript_QAEnv@6a4f787b]" name="getCall" duration-ms="48948" started-at="2017-02-27T15:43:16Z" finished-at="2017-02-27T15:44:05Z">
          <reporter-output>
          </reporter-output>
        </test-method> <!-- getCall -->
        <test-method status="PASS" signature="clickCaseInfo()[pri:0, instance:com.apollo.agentscripting.er_inboundcall.ERInbound_AgentScript_QAEnv@6a4f787b]" name="clickCaseInfo" duration-ms="17085" started-at="2017-02-27T15:44:05Z" finished-at="2017-02-27T15:44:22Z">
          <reporter-output>
          </reporter-output>
        </test-method> <!-- clickCaseInfo -->
        <test-method status="PASS" signature="checkContactTab()[pri:0, instance:com.apollo.agentscripting.er_inboundcall.ERInbound_AgentScript_QAEnv@6a4f787b]" name="checkContactTab" duration-ms="145" started-at="2017-02-27T15:44:22Z" finished-at="2017-02-27T15:44:22Z">
          <reporter-output>
          </reporter-output>
        </test-method> <!-- checkContactTab -->
        <test-method status="PASS" signature="checkContactInformation()[pri:0, instance:com.apollo.agentscripting.er_inboundcall.ERInbound_AgentScript_QAEnv@6a4f787b]" name="checkContactInformation" duration-ms="137" started-at="2017-02-27T15:44:22Z" finished-at="2017-02-27T15:44:22Z">
          <reporter-output>
          </reporter-output>
        </test-method> <!-- checkContactInformation -->
        <test-method status="PASS" signature="clickEndCall()[pri:0, instance:com.apollo.agentscripting.er_inboundcall.ERInbound_AgentScript_QAEnv@6a4f787b]" name="clickEndCall" duration-ms="285" started-at="2017-02-27T15:44:22Z" finished-at="2017-02-27T15:44:22Z">
          <reporter-output>
          </reporter-output>
        </test-method> <!-- clickEndCall -->
        <test-method status="PASS" signature="clickDoneButton()[pri:0, instance:com.apollo.agentscripting.er_inboundcall.ERInbound_AgentScript_QAEnv@6a4f787b]" name="clickDoneButton" duration-ms="1152" started-at="2017-02-27T15:44:22Z" finished-at="2017-02-27T15:44:23Z">
          <reporter-output>
          </reporter-output>
        </test-method> <!-- clickDoneButton -->
        <test-method status="PASS" signature="tearDown()[pri:0, instance:com.apollo.agentscripting.er_inboundcall.ERInbound_AgentScript_QAEnv@6a4f787b]" name="tearDown" duration-ms="185" started-at="2017-02-27T15:44:23Z" finished-at="2017-02-27T15:44:24Z">
          <reporter-output>
          </reporter-output>
        </test-method> <!-- tearDown -->
      </class> <!-- com.apollo.agentscripting.er_inboundcall.ERInbound_AgentScript_QAEnv -->
    </test> <!-- Default test -->
  </suite> <!-- Default suite -->
</testng-results>
