<?xml version="1.0" encoding="UTF-8" ?>
<testsuite tests="4" failures="0" name="com.czeczotka.bdd.runner.RunCalculatorTest" time="0.491" errors="0" skipped="0">
  <properties>
[...]
</properties>
  <testcase classname="Scenario: Add two numbers" name="Given I have a calculator" time="0.001"/>
  <testcase classname="Scenario: Add two numbers" name="When I add 2 and 3" time="0"/>
  <testcase classname="Scenario: Add two numbers" name="Then the result should be 5" time="0.001"/>
  <testcase classname="Scenario: Add two numbers" name="Scenario: Add two numbers" time="0.001"/>
</testsuite>