<?xml version="1.0" encoding="UTF-8"?>
<!-- Generated by org.testng.reporters.JUnitXMLReporter -->
<testsuite hostname="USPHXAWNC0038Y6" name="Default test" tests="16" failures="1" timestamp="28 Dec 2016 17:33:44 GMT" time="0.047" errors="0">
  <testcase name="setUp" time="0.0" classname="com.apollo.old.automation.LeadAutomation_163">
    <skipped/>
  </testcase> <!-- setUp -->
  <testcase name="clickFirstName" time="0.0" classname="com.apollo.old.automation.LeadAutomation_163">
    <skipped/>
  </testcase> <!-- clickFirstName -->
  <testcase name="clickLastName" time="0.0" classname="com.apollo.old.automation.LeadAutomation_163">
    <skipped/>
  </testcase> <!-- clickLastName -->
  <testcase name="clickAddress" time="0.0" classname="com.apollo.old.automation.LeadAutomation_163">
    <skipped/>
  </testcase> <!-- clickAddress -->
  <testcase name="clickCity" time="0.0" classname="com.apollo.old.automation.LeadAutomation_163">
    <skipped/>
  </testcase> <!-- clickCity -->
  <testcase name="clickState" time="0.0" classname="com.apollo.old.automation.LeadAutomation_163">
    <skipped/>
  </testcase> <!-- clickState -->
  <testcase name="clickZipCode" time="0.0" classname="com.apollo.old.automation.LeadAutomation_163">
    <skipped/>
  </testcase> <!-- clickZipCode -->
  <testcase name="clickAreaCode" time="0.0" classname="com.apollo.old.automation.LeadAutomation_163">
    <skipped/>
  </testcase> <!-- clickAreaCode -->
  <testcase name="clickPhone" time="0.0" classname="com.apollo.old.automation.LeadAutomation_163">
    <skipped/>
  </testcase> <!-- clickPhone -->
  <testcase name="clickEmail" time="0.0" classname="com.apollo.old.automation.LeadAutomation_163">
    <skipped/>
  </testcase> <!-- clickEmail -->
  <testcase name="clickProgram" time="0.0" classname="com.apollo.old.automation.LeadAutomation_163">
    <skipped/>
  </testcase> <!-- clickProgram -->
  <testcase name="clickSource" time="0.0" classname="com.apollo.old.automation.LeadAutomation_163">
    <skipped/>
  </testcase> <!-- clickSource -->
  <testcase name="clickCampaign" time="0.0" classname="com.apollo.old.automation.LeadAutomation_163">
    <skipped/>
  </testcase> <!-- clickCampaign -->
  <testcase name="clickNotes" time="0.0" classname="com.apollo.old.automation.LeadAutomation_163">
    <skipped/>
  </testcase> <!-- clickNotes -->
  <testcase name="tearDown" time="0.015" classname="com.apollo.old.automation.LeadAutomation_163">
    <failure type="java.lang.NullPointerException">
      <![CDATA[java.lang.NullPointerException
	at com.apollo.old.automation.LeadAutomation_163.tearDown(LeadAutomation_163.java:203)
	at sun.reflect.NativeMethodAccessorImpl.invoke0(Native Method)
	at sun.reflect.NativeMethodAccessorImpl.invoke(Unknown Source)
	at sun.reflect.DelegatingMethodAccessorImpl.invoke(Unknown Source)
	at java.lang.reflect.Method.invoke(Unknown Source)
	at org.testng.internal.MethodInvocationHelper.invokeMethod(MethodInvocationHelper.java:85)
	at org.testng.internal.Invoker.invokeMethod(Invoker.java:639)
	at org.testng.internal.Invoker.invokeTestMethod(Invoker.java:816)
	at org.testng.internal.Invoker.invokeTestMethods(Invoker.java:1124)
	at org.testng.internal.TestMethodWorker.invokeTestMethods(TestMethodWorker.java:125)
	at org.testng.internal.TestMethodWorker.run(TestMethodWorker.java:108)
	at org.testng.TestRunner.privateRun(TestRunner.java:774)
	at org.testng.TestRunner.run(TestRunner.java:624)
	at org.testng.SuiteRunner.runTest(SuiteRunner.java:359)
	at org.testng.SuiteRunner.runSequentially(SuiteRunner.java:354)
	at org.testng.SuiteRunner.privateRun(SuiteRunner.java:312)
	at org.testng.SuiteRunner.run(SuiteRunner.java:261)
	at org.testng.SuiteRunnerWorker.runSuite(SuiteRunnerWorker.java:52)
	at org.testng.SuiteRunnerWorker.run(SuiteRunnerWorker.java:86)
	at org.testng.TestNG.runSuitesSequentially(TestNG.java:1215)
	at org.testng.TestNG.runSuitesLocally(TestNG.java:1140)
	at org.testng.TestNG.run(TestNG.java:1048)
	at org.testng.remote.AbstractRemoteTestNG.run(AbstractRemoteTestNG.java:132)
	at org.testng.remote.RemoteTestNG.initAndRun(RemoteTestNG.java:236)
	at org.testng.remote.RemoteTestNG.main(RemoteTestNG.java:81)
]]>
    </failure>
  </testcase> <!-- tearDown -->
  <testcase name="writeInExcel" time="0.0" classname="com.apollo.old.automation.LeadAutomation_163">
    <skipped/>
  </testcase> <!-- writeInExcel -->
</testsuite> <!-- Default test -->
