<?xml version="1.0" encoding="UTF-8"?>
<!-- Generated by org.testng.reporters.JUnitXMLReporter -->
<testsuite hostname="USPHXAWNC0038Y6" name="Default test" tests="25" failures="0" timestamp="10 Feb 2017 18:24:03 GMT" time="132.179" errors="0">
  <testcase name="setUp" time="9.689" classname="edu.apollogrp.tests.InternalTransfer.InternalTransfer"/>
  <testcase name="setUpER" time="6.625" classname="edu.apollogrp.tests.InternalTransfer.InternalTransfer"/>
  <testcase name="clickUserNameER" time="0.401" classname="edu.apollogrp.tests.InternalTransfer.InternalTransfer"/>
  <testcase name="clickPasswordER" time="0.207" classname="edu.apollogrp.tests.InternalTransfer.InternalTransfer"/>
  <testcase name="clickSubmitER" time="9.257" classname="edu.apollogrp.tests.InternalTransfer.InternalTransfer"/>
  <testcase name="clickUserName" time="0.285" classname="edu.apollogrp.tests.InternalTransfer.InternalTransfer"/>
  <testcase name="clickPassword" time="0.227" classname="edu.apollogrp.tests.InternalTransfer.InternalTransfer"/>
  <testcase name="clickSubmit" time="0.221" classname="edu.apollogrp.tests.InternalTransfer.InternalTransfer"/>
  <testcase name="getCall" time="34.658" classname="edu.apollogrp.tests.InternalTransfer.InternalTransfer"/>
  <testcase name="clickCaseInfo" time="0.703" classname="edu.apollogrp.tests.InternalTransfer.InternalTransfer"/>
  <testcase name="clickAgentScritping" time="0.621" classname="edu.apollogrp.tests.InternalTransfer.InternalTransfer"/>
  <testcase name="clickNameSearch" time="8.802" classname="edu.apollogrp.tests.InternalTransfer.InternalTransfer"/>
  <testcase name="clickFirstRecord" time="16.321" classname="edu.apollogrp.tests.InternalTransfer.InternalTransfer"/>
  <testcase name="clickQualify" time="0.352" classname="edu.apollogrp.tests.InternalTransfer.InternalTransfer"/>
  <testcase name="clickStartTransferButton" time="9.048" classname="edu.apollogrp.tests.InternalTransfer.InternalTransfer"/>
  <testcase name="clickTransferDropdown" time="14.045" classname="edu.apollogrp.tests.InternalTransfer.InternalTransfer"/>
  <testcase name="clickConsultButton" time="0.548" classname="edu.apollogrp.tests.InternalTransfer.InternalTransfer"/>
  <testcase name="clickSearchMyFavButton" time="0.685" classname="edu.apollogrp.tests.InternalTransfer.InternalTransfer"/>
  <testcase name="clickEnrollmentqualtransfer" time="0.563" classname="edu.apollogrp.tests.InternalTransfer.InternalTransfer"/>
  <testcase name="clickInstantCallTransfer" time="4.423" classname="edu.apollogrp.tests.InternalTransfer.InternalTransfer"/>
  <testcase name="clickInstantCallConference" time="4.022" classname="edu.apollogrp.tests.InternalTransfer.InternalTransfer"/>
  <testcase name="endACCCall" time="4.844" classname="edu.apollogrp.tests.InternalTransfer.InternalTransfer"/>
  <testcase name="markACCCallDone" time="1.639" classname="edu.apollogrp.tests.InternalTransfer.InternalTransfer"/>
  <testcase name="endERCall" time="2.999" classname="edu.apollogrp.tests.InternalTransfer.InternalTransfer"/>
  <testcase name="markERCallDone" time="0.954" classname="edu.apollogrp.tests.InternalTransfer.InternalTransfer"/>
</testsuite> <!-- Default test -->
