<?xml version="1.0" encoding="UTF-8"?>
<!-- Generated by org.testng.reporters.JUnitXMLReporter -->
<testsuite hostname="USPHXAWNC0038Y6" name="Default test" tests="2" failures="0" timestamp="26 Jan 2017 22:04:21 GMT" time="15.366" errors="0">
  <testcase name="setEmail" time="15.344" classname="edu.apollogrp.tests.UCPSmokeTests.EmailUtility"/>
  <testcase name="sendEmail" time="0.001" classname="edu.apollogrp.tests.UCPSmokeTests.EmailUtility">
    <skipped/>
  </testcase> <!-- sendEmail -->
</testsuite> <!-- Default test -->
