<?xml version="1.0" encoding="UTF-8"?>
<!-- Generated by org.testng.reporters.JUnitXMLReporter -->
<testsuite hostname="USPHXAWNC0038Y6" name="Test" tests="16" failures="1" timestamp="9 Jan 2017 20:17:44 GMT" time="0.057" errors="0">
  <testcase name="setUp" time="0.0" classname="com.apollo.old.automation.LeadAutomation_163">
    <skipped/>
  </testcase> <!-- setUp -->
  <testcase name="clickFirstName" time="0.0" classname="com.apollo.old.automation.LeadAutomation_163">
    <skipped/>
  </testcase> <!-- clickFirstName -->
  <testcase name="clickLastName" time="0.0" classname="com.apollo.old.automation.LeadAutomation_163">
    <skipped/>
  </testcase> <!-- clickLastName -->
  <testcase name="clickAddress" time="0.0" classname="com.apollo.old.automation.LeadAutomation_163">
    <skipped/>
  </testcase> <!-- clickAddress -->
  <testcase name="clickCity" time="0.0" classname="com.apollo.old.automation.LeadAutomation_163">
    <skipped/>
  </testcase> <!-- clickCity -->
  <testcase name="clickState" time="0.0" classname="com.apollo.old.automation.LeadAutomation_163">
    <skipped/>
  </testcase> <!-- clickState -->
  <testcase name="clickZipCode" time="0.0" classname="com.apollo.old.automation.LeadAutomation_163">
    <skipped/>
  </testcase> <!-- clickZipCode -->
  <testcase name="clickAreaCode" time="0.0" classname="com.apollo.old.automation.LeadAutomation_163">
    <skipped/>
  </testcase> <!-- clickAreaCode -->
  <testcase name="clickPhone" time="0.0" classname="com.apollo.old.automation.LeadAutomation_163">
    <skipped/>
  </testcase> <!-- clickPhone -->
  <testcase name="clickEmail" time="0.0" classname="com.apollo.old.automation.LeadAutomation_163">
    <skipped/>
  </testcase> <!-- clickEmail -->
  <testcase name="clickProgram" time="0.0" classname="com.apollo.old.automation.LeadAutomation_163">
    <skipped/>
  </testcase> <!-- clickProgram -->
  <testcase name="clickSource" time="0.0" classname="com.apollo.old.automation.LeadAutomation_163">
    <skipped/>
  </testcase> <!-- clickSource -->
  <testcase name="clickCampaign" time="0.0" classname="com.apollo.old.automation.LeadAutomation_163">
    <skipped/>
  </testcase> <!-- clickCampaign -->
  <testcase name="clickNotes" time="0.0" classname="com.apollo.old.automation.LeadAutomation_163">
    <skipped/>
  </testcase> <!-- clickNotes -->
  <testcase name="tearDown" time="0.008" classname="com.apollo.old.automation.LeadAutomation_163">
    <failure type="java.lang.NullPointerException">
      <![CDATA[java.lang.NullPointerException
	at com.apollo.old.automation.LeadAutomation_163.tearDown(LeadAutomation_163.java:259)
... Removed 24 stack frames]]>
    </failure>
  </testcase> <!-- tearDown -->
  <testcase name="writeInExcel" time="0.0" classname="com.apollo.old.automation.LeadAutomation_163">
    <skipped/>
  </testcase> <!-- writeInExcel -->
</testsuite> <!-- Test -->
