<?xml version="1.0" encoding="UTF-8" ?>
<testsuite tests="22" failures="0" name="TestSuite" time="4,273.508" errors="0" skipped="0">
  <properties>
[...]
</properties>
  <testcase classname="edu.apollogrp.tests.UCPSmokeTests.QualTransfer_AgentScript_QAEnv" name="setUp" time="9.977"/>
  <testcase classname="edu.apollogrp.tests.UCPSmokeTests.QualTransfer_AgentScript_QAEnv" name="setUpER" time="14.445"/>
  <testcase classname="edu.apollogrp.tests.UCPSmokeTests.QualTransfer_AgentScript_QAEnv" name="clickUserNameER" time="0.295"/>
  <testcase classname="edu.apollogrp.tests.UCPSmokeTests.QualTransfer_AgentScript_QAEnv" name="clickPasswordER" time="0.362"/>
  <testcase classname="edu.apollogrp.tests.UCPSmokeTests.QualTransfer_AgentScript_QAEnv" name="clickSubmitER" time="13.666"/>
  <testcase classname="edu.apollogrp.tests.UCPSmokeTests.QualTransfer_AgentScript_QAEnv" name="clickUserName" time="0.276"/>
  <testcase classname="edu.apollogrp.tests.UCPSmokeTests.QualTransfer_AgentScript_QAEnv" name="clickPassword" time="0.237"/>
  <testcase classname="edu.apollogrp.tests.UCPSmokeTests.QualTransfer_AgentScript_QAEnv" name="clickSubmit" time="0.184"/>
  <testcase classname="edu.apollogrp.tests.UCPSmokeTests.QualTransfer_AgentScript_QAEnv" name="getCall" time="304.443"/>
  <testcase classname="edu.apollogrp.tests.UCPSmokeTests.QualTransfer_AgentScript_QAEnv" name="clickCaseInfo" time="0.338"/>
  <testcase classname="edu.apollogrp.tests.UCPSmokeTests.QualTransfer_AgentScript_QAEnv" name="clickAgentScritping" time="0.834"/>
  <testcase classname="edu.apollogrp.tests.UCPSmokeTests.QualTransfer_AgentScript_QAEnv" name="clickNameSearch" time="8.856"/>
  <testcase classname="edu.apollogrp.tests.UCPSmokeTests.QualTransfer_AgentScript_QAEnv" name="clickFirstRecord" time="3,008.156"/>
  <testcase classname="edu.apollogrp.tests.UCPSmokeTests.QualTransfer_AgentScript_QAEnv" name="clickQualify" time="902.64"/>
  <testcase classname="edu.apollogrp.tests.UCPSmokeTests.QualTransfer_AgentScript_QAEnv" name="clickStartTransferButton" time="1.003"/>
  <testcase classname="edu.apollogrp.tests.UCPSmokeTests.QualTransfer_AgentScript_QAEnv" name="clickTransferDropdown" time="1.002"/>
  <testcase classname="edu.apollogrp.tests.UCPSmokeTests.QualTransfer_AgentScript_QAEnv" name="clickConsultButton" time="1.003"/>
  <testcase classname="edu.apollogrp.tests.UCPSmokeTests.QualTransfer_AgentScript_QAEnv" name="clickSearchMyFavButton" time="1.003"/>
  <testcase classname="edu.apollogrp.tests.UCPSmokeTests.QualTransfer_AgentScript_QAEnv" name="clickEnrollmentqualtransfer" time="1.003"/>
  <testcase classname="edu.apollogrp.tests.UCPSmokeTests.QualTransfer_AgentScript_QAEnv" name="clickInstantCallTransfer" time="1.002"/>
  <testcase classname="edu.apollogrp.tests.UCPSmokeTests.QualTransfer_AgentScript_QAEnv" name="clickInstantCallConference" time="1.002"/>
  <testcase classname="edu.apollogrp.tests.UCPSmokeTests.QualTransfer_AgentScript_QAEnv" name="getCallER" time="1.064"/>
</testsuite>