<?xml version="1.0" encoding="UTF-8"?>
<!-- Generated by org.testng.reporters.JUnitXMLReporter -->
<testsuite hostname="USPHXAWNC0038Y6" name="Test" tests="25" failures="0" timestamp="13 Feb 2017 18:18:30 GMT" time="78.521" errors="0">
  <testcase name="setUp" time="7.22" classname="edu.apollogrp.tests.UCPSmokeTests.QualTransfer_AgentScript_QAEnv"/>
  <testcase name="setUpER" time="7.796" classname="edu.apollogrp.tests.UCPSmokeTests.QualTransfer_AgentScript_QAEnv"/>
  <testcase name="clickUserNameER" time="0.263" classname="edu.apollogrp.tests.UCPSmokeTests.QualTransfer_AgentScript_QAEnv"/>
  <testcase name="clickPasswordER" time="0.202" classname="edu.apollogrp.tests.UCPSmokeTests.QualTransfer_AgentScript_QAEnv"/>
  <testcase name="clickSubmitER" time="8.892" classname="edu.apollogrp.tests.UCPSmokeTests.QualTransfer_AgentScript_QAEnv"/>
  <testcase name="clickUserName" time="0.296" classname="edu.apollogrp.tests.UCPSmokeTests.QualTransfer_AgentScript_QAEnv"/>
  <testcase name="clickPassword" time="0.19" classname="edu.apollogrp.tests.UCPSmokeTests.QualTransfer_AgentScript_QAEnv"/>
  <testcase name="clickSubmit" time="0.435" classname="edu.apollogrp.tests.UCPSmokeTests.QualTransfer_AgentScript_QAEnv"/>
  <testcase name="getCall" time="37.069" classname="edu.apollogrp.tests.UCPSmokeTests.QualTransfer_AgentScript_QAEnv"/>
  <testcase name="clickCaseInfo" time="1.019" classname="edu.apollogrp.tests.UCPSmokeTests.QualTransfer_AgentScript_QAEnv"/>
  <testcase name="clickAgentScritping" time="1.005" classname="edu.apollogrp.tests.UCPSmokeTests.QualTransfer_AgentScript_QAEnv"/>
  <testcase name="clickNameSearch" time="1.004" classname="edu.apollogrp.tests.UCPSmokeTests.QualTransfer_AgentScript_QAEnv"/>
  <testcase name="clickFirstRecord" time="1.004" classname="edu.apollogrp.tests.UCPSmokeTests.QualTransfer_AgentScript_QAEnv"/>
  <testcase name="clickQualify" time="1.021" classname="edu.apollogrp.tests.UCPSmokeTests.QualTransfer_AgentScript_QAEnv"/>
  <testcase name="clickStartTransferButton" time="1.013" classname="edu.apollogrp.tests.UCPSmokeTests.QualTransfer_AgentScript_QAEnv"/>
  <testcase name="clickTransferDropdown" time="1.002" classname="edu.apollogrp.tests.UCPSmokeTests.QualTransfer_AgentScript_QAEnv"/>
  <testcase name="clickConsultButton" time="1.012" classname="edu.apollogrp.tests.UCPSmokeTests.QualTransfer_AgentScript_QAEnv"/>
  <testcase name="clickSearchMyFavButton" time="1.013" classname="edu.apollogrp.tests.UCPSmokeTests.QualTransfer_AgentScript_QAEnv"/>
  <testcase name="clickEnrollmentqualtransfer" time="1.004" classname="edu.apollogrp.tests.UCPSmokeTests.QualTransfer_AgentScript_QAEnv"/>
  <testcase name="clickInstantCallTransfer" time="1.003" classname="edu.apollogrp.tests.UCPSmokeTests.QualTransfer_AgentScript_QAEnv"/>
  <testcase name="clickInstantCallConference" time="1.003" classname="edu.apollogrp.tests.UCPSmokeTests.QualTransfer_AgentScript_QAEnv"/>
  <testcase name="endACCCall" time="1.005" classname="edu.apollogrp.tests.UCPSmokeTests.QualTransfer_AgentScript_QAEnv"/>
  <testcase name="markACCCallDone" time="1.005" classname="edu.apollogrp.tests.UCPSmokeTests.QualTransfer_AgentScript_QAEnv"/>
  <testcase name="endERCall" time="1.006" classname="edu.apollogrp.tests.UCPSmokeTests.QualTransfer_AgentScript_QAEnv"/>
  <testcase name="markERCallDone" time="1.009" classname="edu.apollogrp.tests.UCPSmokeTests.QualTransfer_AgentScript_QAEnv"/>
</testsuite> <!-- Test -->
