<?xml version="1.0" encoding="UTF-8"?>
<!-- Generated by org.testng.reporters.JUnitXMLReporter -->
<testsuite hostname="USPHXAWNC0038Y6" name="Test" tests="22" failures="0" timestamp="24 Jan 2017 19:51:51 GMT" time="4272.815" errors="0">
  <testcase name="setUp" time="9.976" classname="edu.apollogrp.tests.UCPSmokeTests.QualTransfer_AgentScript_QAEnv"/>
  <testcase name="setUpER" time="14.445" classname="edu.apollogrp.tests.UCPSmokeTests.QualTransfer_AgentScript_QAEnv"/>
  <testcase name="clickUserNameER" time="0.295" classname="edu.apollogrp.tests.UCPSmokeTests.QualTransfer_AgentScript_QAEnv"/>
  <testcase name="clickPasswordER" time="0.362" classname="edu.apollogrp.tests.UCPSmokeTests.QualTransfer_AgentScript_QAEnv"/>
  <testcase name="clickSubmitER" time="13.666" classname="edu.apollogrp.tests.UCPSmokeTests.QualTransfer_AgentScript_QAEnv"/>
  <testcase name="clickUserName" time="0.276" classname="edu.apollogrp.tests.UCPSmokeTests.QualTransfer_AgentScript_QAEnv"/>
  <testcase name="clickPassword" time="0.237" classname="edu.apollogrp.tests.UCPSmokeTests.QualTransfer_AgentScript_QAEnv"/>
  <testcase name="clickSubmit" time="0.183" classname="edu.apollogrp.tests.UCPSmokeTests.QualTransfer_AgentScript_QAEnv"/>
  <testcase name="getCall" time="304.443" classname="edu.apollogrp.tests.UCPSmokeTests.QualTransfer_AgentScript_QAEnv"/>
  <testcase name="clickCaseInfo" time="0.338" classname="edu.apollogrp.tests.UCPSmokeTests.QualTransfer_AgentScript_QAEnv"/>
  <testcase name="clickAgentScritping" time="0.834" classname="edu.apollogrp.tests.UCPSmokeTests.QualTransfer_AgentScript_QAEnv"/>
  <testcase name="clickNameSearch" time="8.856" classname="edu.apollogrp.tests.UCPSmokeTests.QualTransfer_AgentScript_QAEnv"/>
  <testcase name="clickFirstRecord" time="3008.156" classname="edu.apollogrp.tests.UCPSmokeTests.QualTransfer_AgentScript_QAEnv"/>
  <testcase name="clickQualify" time="902.64" classname="edu.apollogrp.tests.UCPSmokeTests.QualTransfer_AgentScript_QAEnv"/>
  <testcase name="clickStartTransferButton" time="1.003" classname="edu.apollogrp.tests.UCPSmokeTests.QualTransfer_AgentScript_QAEnv"/>
  <testcase name="clickTransferDropdown" time="1.002" classname="edu.apollogrp.tests.UCPSmokeTests.QualTransfer_AgentScript_QAEnv"/>
  <testcase name="clickConsultButton" time="1.003" classname="edu.apollogrp.tests.UCPSmokeTests.QualTransfer_AgentScript_QAEnv"/>
  <testcase name="clickSearchMyFavButton" time="1.003" classname="edu.apollogrp.tests.UCPSmokeTests.QualTransfer_AgentScript_QAEnv"/>
  <testcase name="clickEnrollmentqualtransfer" time="1.003" classname="edu.apollogrp.tests.UCPSmokeTests.QualTransfer_AgentScript_QAEnv"/>
  <testcase name="clickInstantCallTransfer" time="1.002" classname="edu.apollogrp.tests.UCPSmokeTests.QualTransfer_AgentScript_QAEnv"/>
  <testcase name="clickInstantCallConference" time="1.003" classname="edu.apollogrp.tests.UCPSmokeTests.QualTransfer_AgentScript_QAEnv"/>
  <testcase name="getCallER" time="1.064" classname="edu.apollogrp.tests.UCPSmokeTests.QualTransfer_AgentScript_QAEnv"/>
</testsuite> <!-- Test -->
